<?xml version="1.0" encoding="UTF-8"?>
<testng-results skipped="0" failed="0" total="1" passed="1">
  <reporter-output>
  </reporter-output>
  <suite name="Command line suite" duration-ms="22" started-at="2017-09-19T10:47:55Z" finished-at="2017-09-19T10:47:55Z">
    <groups>
    </groups>
    <test name="Command line test" duration-ms="22" started-at="2017-09-19T10:47:55Z" finished-at="2017-09-19T10:47:55Z">
      <class name="org.sagar.toolsqa.com.gurru99_first.AppTest">
        <test-method status="PASS" signature="testApp()[pri:0, instance:testApp(org.sagar.toolsqa.com.gurru99_first.AppTest)]" name="testApp" duration-ms="4" started-at="2017-09-19T11:47:55Z" finished-at="2017-09-19T11:47:55Z">
          <reporter-output>
          </reporter-output>
        </test-method> <!-- testApp -->
      </class> <!-- org.sagar.toolsqa.com.gurru99_first.AppTest -->
    </test> <!-- Command line test -->
  </suite> <!-- Command line suite -->
</testng-results>
