<?xml version="1.0" encoding="UTF-8"?>
<testng-results skipped="0" failed="0" total="1" passed="1">
  <reporter-output>
  </reporter-output>
  <suite name="Default suite" duration-ms="6154" started-at="2017-09-20T10:39:45Z" finished-at="2017-09-20T10:39:51Z">
    <groups>
    </groups>
    <test name="Default test" duration-ms="6154" started-at="2017-09-20T10:39:45Z" finished-at="2017-09-20T10:39:51Z">
      <class name="tests.loginTest">
        <test-method status="PASS" signature="setUp()[pri:0, instance:tests.loginTest@6093dd95]" name="setUp" is-config="true" duration-ms="4756" started-at="2017-09-20T11:39:45Z" finished-at="2017-09-20T11:39:50Z">
          <reporter-output>
          </reporter-output>
        </test-method> <!-- setUp -->
        <test-method status="PASS" signature="loginToGurruBank()[pri:0, instance:tests.loginTest@6093dd95]" name="loginToGurruBank" duration-ms="1371" started-at="2017-09-20T11:39:50Z" finished-at="2017-09-20T11:39:51Z">
          <reporter-output>
          </reporter-output>
        </test-method> <!-- loginToGurruBank -->
      </class> <!-- tests.loginTest -->
    </test> <!-- Default test -->
  </suite> <!-- Default suite -->
</testng-results>
